[    0.000000] Linux version 4.15.0-176-generic (buildd@lcy02-amd64-020) (gcc version 7.5.0 (Ubuntu 7.5.0-3ubuntu1~18.04)) #185-Ubuntu SMP Tue Mar 29 17:40:04 UTC 2022 (Ubuntu 4.15.0-176.185-generic 4.15.18)
[    0.000000] Command line: BOOT_IMAGE=/boot/vmlinuz-4.15.0-176-generic root=LABEL=cloudimg-rootfs ro console=tty1 console=ttyS0
[    0.000000] KERNEL supported cpus:
[    0.000000]   Intel GenuineIntel
[    0.000000]   AMD AuthenticAMD
[    0.000000]   Centaur CentaurHauls
[    0.000000] x86/fpu: x87 FPU will use FXSAVE
[    0.000000] e820: BIOS-provided physical RAM map:
[    0.000000] BIOS-e820: [mem 0x0000000000000000-0x000000000009fbff] usable
[    0.000000] BIOS-e820: [mem 0x000000000009fc00-0x000000000009ffff] reserved
[    0.000000] BIOS-e820: [mem 0x00000000000f0000-0x00000000000fffff] reserved
[    0.000000] BIOS-e820: [mem 0x0000000000100000-0x000000003ffeffff] usable
[    0.000000] BIOS-e820: [mem 0x000000003fff0000-0x000000003fffffff] ACPI data
[    0.000000] BIOS-e820: [mem 0x00000000fec00000-0x00000000fec00fff] reserved
[    0.000000] BIOS-e820: [mem 0x00000000fee00000-0x00000000fee00fff] reserved
[    0.000000] BIOS-e820: [mem 0x00000000fffc0000-0x00000000ffffffff] reserved
[    0.000000] NX (Execute Disable) protection: active
[    0.000000] SMBIOS 2.5 present.
[    0.000000] DMI: innotek GmbH VirtualBox/VirtualBox, BIOS VirtualBox 12/01/2006
[    0.000000] Hypervisor detected: KVM
[    0.000000] e820: last_pfn = 0x3fff0 max_arch_pfn = 0x400000000
[    0.000000] MTRR: Disabled
[    0.000000] x86/PAT: MTRRs disabled, skipping PAT initialization too.
[    0.000000] CPU MTRRs all blank - virtualized system.
[    0.000000] x86/PAT: Configuration [0-7]: WB  WT  UC- UC  WB  WT  UC- UC  
[    0.000000] found SMP MP-table at [mem 0x0009fff0-0x0009ffff]
[    0.000000] Scanning 1 areas for low memory corruption
[    0.000000] RAMDISK: [mem 0x359c9000-0x36cdbfff]
[    0.000000] ACPI: Early table checksum verification disabled
[    0.000000] ACPI: RSDP 0x00000000000E0000 000024 (v02 VBOX  )
[    0.000000] ACPI: XSDT 0x000000003FFF0030 00003C (v01 VBOX   VBOXXSDT 00000001 ASL  00000061)
[    0.000000] ACPI: FACP 0x000000003FFF00F0 0000F4 (v04 VBOX   VBOXFACP 00000001 ASL  00000061)
[    0.000000] ACPI: DSDT 0x000000003FFF0470 002325 (v02 VBOX   VBOXBIOS 00000002 INTL 20211217)
[    0.000000] ACPI: FACS 0x000000003FFF0200 000040
[    0.000000] ACPI: FACS 0x000000003FFF0200 000040
[    0.000000] ACPI: APIC 0x000000003FFF0240 00005C (v02 VBOX   VBOXAPIC 00000001 ASL  00000061)
[    0.000000] ACPI: SSDT 0x000000003FFF02A0 0001CC (v01 VBOX   VBOXCPUT 00000002 INTL 20211217)
[    0.000000] ACPI: Reserving FACP table memory at [mem 0x3fff00f0-0x3fff01e3]
[    0.000000] ACPI: Reserving DSDT table memory at [mem 0x3fff0470-0x3fff2794]
[    0.000000] ACPI: Reserving FACS table memory at [mem 0x3fff0200-0x3fff023f]
[    0.000000] ACPI: Reserving FACS table memory at [mem 0x3fff0200-0x3fff023f]
[    0.000000] ACPI: Reserving APIC table memory at [mem 0x3fff0240-0x3fff029b]
[    0.000000] ACPI: Reserving SSDT table memory at [mem 0x3fff02a0-0x3fff046b]
[    0.000000] No NUMA configuration found
[    0.000000] Faking a node at [mem 0x0000000000000000-0x000000003ffeffff]
[    0.000000] NODE_DATA(0) allocated [mem 0x3ffc5000-0x3ffeffff]
[    0.000000] kvm-clock: cpu 0, msr 0:3ff44001, primary cpu clock
[    0.000000] kvm-clock: Using msrs 4b564d01 and 4b564d00
[    0.000000] kvm-clock: using sched offset of 3712373924 cycles
[    0.000000] clocksource: kvm-clock: mask: 0xffffffffffffffff max_cycles: 0x1cd42e4dffb, max_idle_ns: 881590591483 ns
[    0.000000] Zone ranges:
[    0.000000]   DMA      [mem 0x0000000000001000-0x0000000000ffffff]
[    0.000000]   DMA32    [mem 0x0000000001000000-0x000000003ffeffff]
[    0.000000]   Normal   empty
[    0.000000]   Device   empty
[    0.000000] Movable zone start for each node
[    0.000000] Early memory node ranges
[    0.000000]   node   0: [mem 0x0000000000001000-0x000000000009efff]
[    0.000000]   node   0: [mem 0x0000000000100000-0x000000003ffeffff]
[    0.000000] Reserved but unavailable: 104 pages
[    0.000000] Initmem setup node 0 [mem 0x0000000000001000-0x000000003ffeffff]
[    0.000000] ACPI: PM-Timer IO Port: 0x4008
[    0.000000] IOAPIC[0]: apic_id 2, version 32, address 0xfec00000, GSI 0-23
[    0.000000] ACPI: INT_SRC_OVR (bus 0 bus_irq 0 global_irq 2 dfl dfl)
[    0.000000] ACPI: INT_SRC_OVR (bus 0 bus_irq 9 global_irq 9 low level)
[    0.000000] Using ACPI (MADT) for SMP configuration information
[    0.000000] smpboot: Allowing 2 CPUs, 0 hotplug CPUs
[    0.000000] PM: Registered nosave memory: [mem 0x00000000-0x00000fff]
[    0.000000] PM: Registered nosave memory: [mem 0x0009f000-0x0009ffff]
[    0.000000] PM: Registered nosave memory: [mem 0x000a0000-0x000effff]
[    0.000000] PM: Registered nosave memory: [mem 0x000f0000-0x000fffff]
[    0.000000] e820: [mem 0x40000000-0xfebfffff] available for PCI devices
[    0.000000] Booting paravirtualized kernel on KVM
[    0.000000] clocksource: refined-jiffies: mask: 0xffffffff max_cycles: 0xffffffff, max_idle_ns: 7645519600211568 ns
[    0.000000] random: get_random_bytes called from start_kernel+0x99/0x500 with crng_init=0
[    0.000000] setup_percpu: NR_CPUS:8192 nr_cpumask_bits:2 nr_cpu_ids:2 nr_node_ids:1
[    0.000000] percpu: Embedded 50 pages/cpu s167936 r8192 d28672 u1048576
[    0.000000] PV qspinlock hash table entries: 256 (order: 0, 4096 bytes)
[    0.000000] Built 1 zonelists, mobility grouping on.  Total pages: 257913
[    0.000000] Policy zone: DMA32
[    0.000000] Kernel command line: BOOT_IMAGE=/boot/vmlinuz-4.15.0-176-generic root=LABEL=cloudimg-rootfs ro console=tty1 console=ttyS0
[    0.000000] Memory: 982644K/1048120K available (12300K kernel code, 2484K rwdata, 4324K rodata, 2468K init, 2724K bss, 65476K reserved, 0K cma-reserved)
[    0.000000] SLUB: HWalign=64, Order=0-3, MinObjects=0, CPUs=2, Nodes=1
[    0.000000] Kernel/User page tables isolation: enabled
[    0.000000] ftrace: allocating 39504 entries in 155 pages
[    0.004000] Hierarchical RCU implementation.
[    0.004000] 	RCU restricting CPUs from NR_CPUS=8192 to nr_cpu_ids=2.
[    0.004000] 	Tasks RCU enabled.
[    0.004000] RCU: Adjusting geometry for rcu_fanout_leaf=16, nr_cpu_ids=2
[    0.004000] NR_IRQS: 524544, nr_irqs: 440, preallocated irqs: 16
[    0.004000] Console: colour VGA+ 80x25
[    0.004000] console [tty1] enabled
[    0.004000] console [ttyS0] enabled
[    0.004000] ACPI: Core revision 20170831
[    0.004000] ACPI: 2 ACPI AML tables successfully acquired and loaded
[    0.004000] APIC: Switch to symmetric I/O mode setup
[    0.004000] x2apic enabled
[    0.004000] Switched APIC routing to physical x2apic.
[    0.004000] ..TIMER: vector=0x30 apic1=0 pin1=2 apic2=-1 pin2=-1
[    0.004013] tsc: Detected 2393.998 MHz processor
[    0.005412] Calibrating delay loop (skipped) preset value.. 4787.99 BogoMIPS (lpj=9575992)
[    0.008006] pid_max: default: 32768 minimum: 301
[    0.009541] Security Framework initialized
[    0.010792] Yama: becoming mindful.
[    0.012053] AppArmor: AppArmor initialized
[    0.017783] Dentry cache hash table entries: 131072 (order: 8, 1048576 bytes)
[    0.020205] Inode-cache hash table entries: 65536 (order: 7, 524288 bytes)
[    0.022254] Mount-cache hash table entries: 2048 (order: 2, 16384 bytes)
[    0.024035] Mountpoint-cache hash table entries: 2048 (order: 2, 16384 bytes)
[    0.028384] Last level iTLB entries: 4KB 512, 2MB 7, 4MB 7
[    0.030052] Last level dTLB entries: 4KB 512, 2MB 32, 4MB 32, 1GB 0
[    0.031805] Spectre V1 : Mitigation: usercopy/swapgs barriers and __user pointer sanitization
[    0.032013] Spectre V2 : Mitigation: Retpolines
[    0.033251] Spectre V2 : Spectre v2 / SpectreRSB mitigation: Filling RSB on context switch
[    0.036014] Speculative Store Bypass: Vulnerable
[    0.040068] MDS: Vulnerable: Clear CPU buffers attempted, no microcode
[    0.042327] Freeing SMP alternatives memory: 36K
[    0.155784] smpboot: CPU0: Intel(R) Core(TM) i5 CPU       M 520  @ 2.40GHz (family: 0x6, model: 0x25, stepping: 0x5)
[    0.156000] Performance Events: unsupported p6 CPU model 37 no PMU driver, software events only.
[    0.156091] Hierarchical SRCU implementation.
[    0.160475] NMI watchdog: Perf event create on CPU 0 failed with -2
[    0.162668] NMI watchdog: Perf NMI watchdog permanently disabled
[    0.164131] smp: Bringing up secondary CPUs ...
[    0.165801] x86: Booting SMP configuration:
[    0.166946] .... node  #0, CPUs:      #1
[    0.004000] kvm-clock: cpu 1, msr 0:3ff44041, secondary cpu clock
[    0.172054] smp: Brought up 1 node, 2 CPUs
[    0.173254] smpboot: Max logical packages: 1
[    0.174499] smpboot: Total of 2 processors activated (9575.99 BogoMIPS)
[    0.176256] devtmpfs: initialized
[    0.177540] x86/mm: Memory block size: 128MB
[    0.180244] evm: security.selinux
[    0.181433] evm: security.SMACK64
[    0.182359] evm: security.SMACK64EXEC
[    0.184012] evm: security.SMACK64TRANSMUTE
[    0.185297] evm: security.SMACK64MMAP
[    0.186411] evm: security.apparmor
[    0.187512] evm: security.ima
[    0.188008] evm: security.capability
[    0.189151] clocksource: jiffies: mask: 0xffffffff max_cycles: 0xffffffff, max_idle_ns: 7645041785100000 ns
[    0.192038] futex hash table entries: 512 (order: 3, 32768 bytes)
[    0.194474] pinctrl core: initialized pinctrl subsystem
[    0.197383] RTC time: 13:50:02, date: 05/12/22
[    0.200347] NET: Registered protocol family 16
[    0.201805] audit: initializing netlink subsys (disabled)
[    0.204083] audit: type=2000 audit(1652363407.426:1): state=initialized audit_enabled=0 res=1
[    0.208060] cpuidle: using governor ladder
[    0.209344] cpuidle: using governor menu
[    0.210524] ACPI: bus type PCI registered
[    0.212008] acpiphp: ACPI Hot Plug PCI Controller Driver version: 0.5
[    0.213905] PCI: Using configuration type 1 for base access
[    0.217339] HugeTLB registered 2.00 MiB page size, pre-allocated 0 pages
[    0.220121] ACPI: Added _OSI(Module Device)
[    0.221486] ACPI: Added _OSI(Processor Device)
[    0.224010] ACPI: Added _OSI(3.0 _SCP Extensions)
[    0.225551] ACPI: Added _OSI(Processor Aggregator Device)
[    0.227401] ACPI: Added _OSI(Linux-Dell-Video)
[    0.228022] ACPI: Added _OSI(Linux-Lenovo-NV-HDMI-Audio)
[    0.229584] ACPI: Added _OSI(Linux-HPI-Hybrid-Graphics)
[    0.232478] ACPI: Executed 1 blocks of module-level executable AML code
[    0.239757] ACPI: Interpreter enabled
[    0.240027] ACPI: (supports S0 S5)
[    0.241162] ACPI: Using IOAPIC for interrupt routing
[    0.244144] PCI: Using host bridge windows from ACPI; if necessary, use "pci=nocrs" and report a bug
[    0.247071] ACPI: Enabled 2 GPEs in block 00 to 07
[    0.261709] ACPI: PCI Root Bridge [PCI0] (domain 0000 [bus 00-ff])
[    0.264027] acpi PNP0A03:00: _OSC: OS supports [ASPM ClockPM Segments MSI]
[    0.268303] acpi PNP0A03:00: _OSC: not requesting OS control; OS requires [ExtendedConfig ASPM ClockPM MSI]
[    0.271394] acpi PNP0A03:00: fail to add MMCONFIG information, can't access extended PCI configuration space under this bridge.
[    0.276157] PCI host bridge to bus 0000:00
[    0.277589] pci_bus 0000:00: root bus resource [io  0x0000-0x0cf7 window]
[    0.280000] pci_bus 0000:00: root bus resource [io  0x0d00-0xffff window]
[    0.280016] pci_bus 0000:00: root bus resource [mem 0x000a0000-0x000bffff window]
[    0.284013] pci_bus 0000:00: root bus resource [mem 0x40000000-0xfdffffff window]
[    0.286527] pci_bus 0000:00: root bus resource [bus 00-ff]
[    0.293061] pci 0000:00:01.1: legacy IDE quirk: reg 0x10: [io  0x01f0-0x01f7]
[    0.295296] pci 0000:00:01.1: legacy IDE quirk: reg 0x14: [io  0x03f6]
[    0.296014] pci 0000:00:01.1: legacy IDE quirk: reg 0x18: [io  0x0170-0x0177]
[    0.298197] pci 0000:00:01.1: legacy IDE quirk: reg 0x1c: [io  0x0376]
[    0.344696] pci 0000:00:07.0: quirk: [io  0x4000-0x403f] claimed by PIIX4 ACPI
[    0.348072] pci 0000:00:07.0: quirk: [io  0x4100-0x410f] claimed by PIIX4 SMB
[    0.381165] ACPI: PCI Interrupt Link [LNKA] (IRQs 5 9 10 *11)
[    0.383552] ACPI: PCI Interrupt Link [LNKB] (IRQs 5 9 *10 11)
[    0.384202] ACPI: PCI Interrupt Link [LNKC] (IRQs 5 *9 10 11)
[    0.386125] ACPI: PCI Interrupt Link [LNKD] (IRQs 5 9 10 *11)
[    0.388630] SCSI subsystem initialized
[    0.390174] pci 0000:00:02.0: vgaarb: setting as boot VGA device
[    0.390174] pci 0000:00:02.0: vgaarb: VGA device added: decodes=io+mem,owns=io+mem,locks=none
[    0.392011] pci 0000:00:02.0: vgaarb: bridge control possible
[    0.393889] vgaarb: loaded
[    0.394777] ACPI: bus type USB registered
[    0.395986] usbcore: registered new interface driver usbfs
[    0.396027] usbcore: registered new interface driver hub
[    0.397500] usbcore: registered new device driver usb
[    0.400130] EDAC MC: Ver: 3.0.0
[    0.401310] PCI: Using ACPI for IRQ routing
[    0.404155] NetLabel: Initializing
[    0.405228] NetLabel:  domain hash size = 128
[    0.406445] NetLabel:  protocols = UNLABELED CIPSOv4 CALIPSO
[    0.407969] NetLabel:  unlabeled traffic allowed by default
[    0.408153] clocksource: Switched to clocksource kvm-clock
[    0.428971] VFS: Disk quotas dquot_6.6.0
[    0.430497] VFS: Dquot-cache hash table entries: 512 (order 0, 4096 bytes)
[    0.432447] AppArmor: AppArmor Filesystem Enabled
[    0.433897] pnp: PnP ACPI init
[    0.436460] pnp: PnP ACPI: found 3 devices
[    0.449131] clocksource: acpi_pm: mask: 0xffffff max_cycles: 0xffffff, max_idle_ns: 2085701024 ns
[    0.451636] NET: Registered protocol family 2
[    0.452999] IP idents hash table entries: 16384 (order: 5, 131072 bytes)
[    0.456576] TCP established hash table entries: 8192 (order: 4, 65536 bytes)
[    0.458559] TCP bind hash table entries: 8192 (order: 5, 131072 bytes)
[    0.460401] TCP: Hash tables configured (established 8192 bind 8192)
[    0.462158] UDP hash table entries: 512 (order: 2, 16384 bytes)
[    0.463793] UDP-Lite hash table entries: 512 (order: 2, 16384 bytes)
[    0.466213] NET: Registered protocol family 1
[    0.467534] pci 0000:00:00.0: Limiting direct PCI/PCI transfers
[    0.469227] pci 0000:00:01.0: Activating ISA DMA hang workarounds
[    0.471002] pci 0000:00:02.0: Video device with shadowed ROM at [mem 0x000c0000-0x000dffff]
[    0.473461] Unpacking initramfs...
[    0.846772] Freeing initrd memory: 19532K
[    0.848363] clocksource: tsc: mask: 0xffffffffffffffff max_cycles: 0x22821188adc, max_idle_ns: 440795282349 ns
[    0.851507] platform rtc_cmos: registered platform RTC device (no PNP device found)
[    0.853977] Scanning for low memory corruption every 60 seconds
[    0.856696] Initialise system trusted keyrings
[    0.858066] Key type blacklist registered
[    0.859449] workingset: timestamp_bits=36 max_order=18 bucket_order=0
[    0.862537] zbud: loaded
[    0.864163] squashfs: version 4.0 (2009/01/31) Phillip Lougher
[    0.866164] fuse init (API version 7.26)
[    0.870837] Key type asymmetric registered
[    0.872278] Asymmetric key parser 'x509' registered
[    0.873930] Block layer SCSI generic (bsg) driver version 0.4 loaded (major 246)
[    0.876530] io scheduler noop registered
[    0.878021] io scheduler deadline registered
[    0.879453] io scheduler cfq registered (default)
[    0.881325] ACPI: AC Adapter [AC] (on-line)
[    0.882585] input: Power Button as /devices/LNXSYSTM:00/LNXPWRBN:00/input/input0
[    0.885145] ACPI: Power Button [PWRF]
[    0.886600] input: Sleep Button as /devices/LNXSYSTM:00/LNXSLPBN:00/input/input1
[    0.889081] ACPI: Sleep Button [SLPF]
[    0.891698] ACPI: Battery Slot [BAT0] (battery present)
[    0.892313] Serial: 8250/16550 driver, 32 ports, IRQ sharing enabled
[    0.916689] 00:02: ttyS0 at I/O 0x3f8 (irq = 4, base_baud = 115200) is a 16550A
[    0.920472] Linux agpgart interface v0.103
[    0.925681] loop: module loaded
[    0.927740] scsi host0: ata_piix
[    0.929188] scsi host1: ata_piix
[    0.930193] ata1: PATA max UDMA/33 cmd 0x1f0 ctl 0x3f6 bmdma 0xd000 irq 14
[    0.932122] ata2: PATA max UDMA/33 cmd 0x170 ctl 0x376 bmdma 0xd008 irq 15
[    0.934335] tun: Universal TUN/TAP device driver, 1.6
[    0.935849] PPP generic driver version 2.4.2
[    0.937323] ehci_hcd: USB 2.0 'Enhanced' Host Controller (EHCI) Driver
[    0.939132] ehci-pci: EHCI PCI platform driver
[    0.940416] ehci-platform: EHCI generic platform driver
[    0.941819] ohci_hcd: USB 1.1 'Open' Host Controller (OHCI) Driver
[    0.943487] ohci-pci: OHCI PCI platform driver
[    0.945184] ohci-platform: OHCI generic platform driver
[    0.947020] uhci_hcd: USB Universal Host Controller Interface driver
[    0.949806] i8042: PNP: PS/2 Controller [PNP0303:PS2K,PNP0f03:PS2M] at 0x60,0x64 irq 1,12
[    0.952845] serio: i8042 KBD port at 0x60,0x64 irq 1
[    0.954393] serio: i8042 AUX port at 0x60,0x64 irq 12
[    0.955863] mousedev: PS/2 mouse device common for all mice
[    0.958219] input: AT Translated Set 2 keyboard as /devices/platform/i8042/serio0/input/input2
[    0.961855] rtc_cmos rtc_cmos: rtc core: registered rtc_cmos as rtc0
[    0.964191] rtc_cmos rtc_cmos: alarms up to one day, 114 bytes nvram
[    0.966650] i2c /dev entries driver
[    0.968583] device-mapper: uevent: version 1.0.3
[    0.972209] device-mapper: ioctl: 4.37.0-ioctl (2017-09-20) initialised: dm-devel@redhat.com
[    0.974910] ledtrig-cpu: registered to indicate activity on CPUs
[    0.977580] NET: Registered protocol family 10
[    0.984358] Segment Routing with IPv6
[    0.985551] NET: Registered protocol family 17
[    0.986963] Key type dns_resolver registered
[    0.988757] mce: Using 0 MCE banks
[    0.989783] RAS: Correctable Errors collector initialized.
[    0.991373] sched_clock: Marking stable (988697050, 0)->(1222950494, -234253444)
[    0.994297] registered taskstats version 1
[    0.995508] Loading compiled-in X.509 certificates
[    1.000840] Loaded X.509 cert 'Build time autogenerated kernel key: cf84eab1a20f3cf5ac3912166f3a35d35ba78c0c'
[    1.004657] Loaded X.509 cert 'Canonical Ltd. Live Patch Signing: 14df34d1a87cf37625abec039ef2bf521249b969'
[    1.009133] Loaded X.509 cert 'Canonical Ltd. Kernel Module Signing: 88f752e560a1e0737e31163a466ad7b70a850c19'
[    1.013134] blacklist: Loading compiled-in revocation X.509 certificates
[    1.015880] Loaded X.509 cert 'Canonical Ltd. Secure Boot Signing: 61482aa2830d0ab2ad5af10b7250da9033ddcef0'
[    1.020369] zswap: loaded using pool lzo/zbud
[    1.027726] Key type big_key registered
[    1.029192] Key type trusted registered
[    1.033474] Key type encrypted registered
[    1.034755] AppArmor: AppArmor sha1 policy hashing enabled
[    1.036233] ima: No TPM chip found, activating TPM-bypass! (rc=-19)
[    1.037894] ima: Allocated hash algorithm: sha1
[    1.039293] evm: HMAC attrs: 0x1
[    1.040658]   Magic number: 6:62:837
[    1.041910] rtc_cmos rtc_cmos: setting system clock to 2022-05-12 13:50:02 UTC (1652363402)
[    1.044627] BIOS EDD facility v0.16 2004-Jun-25, 0 devices found
[    1.046436] EDD information not available.
[    1.198610] Freeing unused kernel image memory: 2468K
[    1.212231] Write protecting the kernel read-only data: 20480k
[    1.215655] Freeing unused kernel image memory: 2008K
[    1.218300] Freeing unused kernel image memory: 1820K
[    1.238757] x86/mm: Checked W+X mappings: passed, no W+X pages found.
[    1.242032] x86/mm: Checking user space page tables
[    1.261332] x86/mm: Checked W+X mappings: passed, no W+X pages found.
Loading, please wait...
starting version 237
[    1.380410] e1000: Intel(R) PRO/1000 Network Driver - version 7.3.21-k8-NAPI
[    1.383780] e1000: Copyright (c) 1999-2006 Intel Corporation.
[    1.409655] Fusion MPT base driver 3.04.20
[    1.411100] Copyright (c) 1999-2008 LSI Corporation
[    1.422609] SSE version of gcm_enc/dec engaged.
[    1.431895] Fusion MPT SPI Host driver 3.04.20
[    1.597814] input: ImExPS/2 Generic Explorer Mouse as /devices/platform/i8042/serio1/input/input4
[    1.812763] e1000 0000:00:03.0 eth0: (PCI:33MHz:32-bit) 02:b4:dd:83:6a:51
[    1.815273] e1000 0000:00:03.0 eth0: Intel(R) PRO/1000 Network Connection
[    1.819545] mptbase: ioc0: Initiating bringup
[    1.916340] ioc0: LSI53C1030 A0: Capabilities={Initiator}
[    2.163430] scsi host2: ioc0: LSI53C1030 A0, FwRev=00000000h, Ports=1, MaxQ=256, IRQ=20
[    2.337661] scsi 2:0:0:0: Direct-Access     VBOX     HARDDISK         1.0  PQ: 0 ANSI: 5
[    2.380168] scsi target2:0:0: Beginning Domain Validation
[    2.384018] scsi target2:0:0: Domain Validation skipping write tests
[    2.386716] scsi target2:0:0: Ending Domain Validation
[    2.388603] scsi target2:0:0: asynchronous
[    2.391858] scsi 2:0:1:0: Direct-Access     VBOX     HARDDISK         1.0  PQ: 0 ANSI: 5
[    2.717153] scsi target2:0:1: Beginning Domain Validation
[    2.720726] random: fast init done
[    2.723344] scsi target2:0:1: Domain Validation skipping write tests
[    2.726616] scsi target2:0:1: Ending Domain Validation
[    2.729307] scsi target2:0:1: asynchronous
[    2.737531] random: systemd-udevd: uninitialized urandom read (16 bytes read)
[    2.737635] e1000 0000:00:08.0 eth1: (PCI:33MHz:32-bit) 08:00:27:9a:aa:a5
[    2.739636] random: systemd-udevd: uninitialized urandom read (16 bytes read)
[    2.741505] e1000 0000:00:08.0 eth1: Intel(R) PRO/1000 Network Connection
[    2.744182] random: systemd-udevd: uninitialized urandom read (16 bytes read)
[    2.749873] sd 2:0:0:0: Attached scsi generic sg0 type 0
[    2.751831] e1000 0000:00:08.0 enp0s8: renamed from eth1
[    2.752934] sd 2:0:1:0: Attached scsi generic sg1 type 0
[    2.756465] sd 2:0:0:0: [sda] 83886080 512-byte logical blocks: (42.9 GB/40.0 GiB)
[    2.759132] sd 2:0:0:0: [sda] Write Protect is off
[    2.761373] sd 2:0:1:0: [sdb] 20480 512-byte logical blocks: (10.5 MB/10.0 MiB)
[    2.764419] sd 2:0:1:0: [sdb] Write Protect is off
[    2.766547] sd 2:0:0:0: [sda] Incomplete mode parameter data
[    2.772187] sd 2:0:0:0: [sda] Assuming drive cache: write through
[    2.775063] sd 2:0:1:0: [sdb] Incomplete mode parameter data
[    2.775508] e1000 0000:00:03.0 enp0s3: renamed from eth0
[    2.777884] sd 2:0:1:0: [sdb] Assuming drive cache: write through
[    2.926197]  sda: sda1
[    2.928511] sd 2:0:1:0: [sdb] Attached SCSI disk
[    2.932632] sd 2:0:0:0: [sda] Attached SCSI disk
Begin: Loading essential drivers ... [    4.902259] raid6: sse2x1   gen() 48191 MB/s
[    5.408920] raid6: sse2x1   xor() 55504 MB/s
[    5.919840] raid6: sse2x2   gen() 57673 MB/s
[    6.785556] raid6: sse2x2   xor() 67035 MB/s
[    7.422230] raid6: sse2x4   gen() 108438 MB/s
[    7.919950] raid6: sse2x4   xor() 56450 MB/s
[    7.921978] raid6: using algorithm sse2x4 gen() 108438 MB/s
[    7.924260] raid6: .... xor() 56450 MB/s, rmw enabled
[    7.925891] raid6: using ssse3x2 recovery algorithm
[    7.930458] xor: measuring software checksum speed
[    7.972095]    prefetch64-sse: 11713.000 MB/sec
[    8.012073]    generic_sse: 17878.000 MB/sec
[    8.013524] xor: using function: generic_sse (17878.000 MB/sec)
[    8.018021] async_tx: api initialized (async)
done.
Begin: Running /scripts/init-premount ... done.
Begin: Mounting root file system ... Begin: Running /scripts/local-top ... done.
Begin: Running /scripts/local-premount ... [    8.110120] Btrfs loaded, crc32c=crc32c-intel
Scanning for Btrfs filesystems
done.
Warning: fsck not present, so skipping root file system
[    8.172257] EXT4-fs (sda1): mounted filesystem with ordered data mode. Opts: (null)
done.
Begin: Running /scripts/local-bottom ... done.
Begin: Running /scripts/init-bottom ... done.
[    8.486110] ip_tables: (C) 2000-2006 Netfilter Core Team
[    8.510470] systemd[1]: systemd 237 running in system mode. (+PAM +AUDIT +SELINUX +IMA +APPARMOR +SMACK +SYSVINIT +UTMP +LIBCRYPTSETUP +GCRYPT +GNUTLS +ACL +XZ +LZ4 +SECCOMP +BLKID +ELFUTILS +KMOD -IDN2 +IDN -PCRE2 default-hierarchy=hybrid)
[    8.520011] systemd[1]: Detected virtualization oracle.
[    8.521935] systemd[1]: Detected architecture x86-64.

Welcome to [1mUbuntu 18.04.6 LTS[0m!

[    8.531844] systemd[1]: Set hostname to <ubuntu>.
[    8.538464] systemd[1]: Initializing machine ID from random generator.
[    8.540763] systemd[1]: Installed transient /etc/machine-id file.
[    8.937359] systemd[1]: Set up automount Arbitrary Executable File Formats File System Automount Point.
[[0;32m  OK  [0m] Set up automount Arbitrary Executab…rmats File System Automount Point.
[    8.942300] systemd[1]: Reached target Swap.
[[0;32m  OK  [0m] Reached target Swap.
[    8.946922] systemd[1]: Created slice User and Session Slice.
[[0;32m  OK  [0m] Created slice User and Session Slice.
[    8.950370] systemd[1]: Created slice System Slice.
[[0;32m  OK  [0m] Created slice System Slice.
[[0;32m  OK  [0m] Listening on LVM2 metadata daemon socket.
[[0;32m  OK  [0m] Listening on Journal Audit Socket.
[[0;32m  OK  [0m] Listening on LVM2 poll daemon socket.
[[0;32m  OK  [0m] Listening on udev Control Socket.
[[0;32m  OK  [0m] Listening on Device-mapper event daemon FIFOs.
[[0;32m  OK  [0m] Reached target System Time Synchronized.
[[0;32m  OK  [0m] Listening on Syslog Socket.
[[0;32m  OK  [0m] Reached target Slices.
[[0;32m  OK  [0m] Listening on /dev/initctl Compatibility Named Pipe.
[[0;32m  OK  [0m] Created slice system-serial\x2dgetty.slice.
[[0;32m  OK  [0m] Listening on Journal Socket (/dev/log).
[[0;32m  OK  [0m] Listening on udev Kernel Socket.
[[0;32m  OK  [0m] Listening on fsck to fsckd communication Socket.
[[0;32m  OK  [0m] Listening on Journal Socket.
         Starting Set the console keyboard layout...
         Starting udev Coldplug all Devices...
         Starting Load Kernel Modules...
         Starting File System Check on Root Device...
         Starting Uncomplicated firewall...
         Starting Create list of required st…ce nodes for the current kernel...
         Starting Monitoring of LVM2 mirrors…ng dmeventd or progress polling...
[    9.034151] Loading iSCSI transport class v2.0-870.
         Starting Journal Service...
[    9.048668] iscsi: registered transport (tcp)
         Mounting Kernel Debug File System...
[[0;32m  OK  [0m] Listening on Network Service Netlink Socket.
[[0;32m  OK  [0m] Started Forward Password Requests to Wall Directory Watch.
         Mounting POSIX Message Queue File System...
         Mounting Huge Pages File System...
[[0;32m  OK  [0m] Reached target User and Group Name Lookups.
[[0;32m  OK  [0m] Started Journal Service.
[[0;32m  OK  [0m] Started Uncomplicated firewall.
[[0;32m  OK  [0m] Started Create list of required sta…vice nodes for the current kernel.
[[0;32m  OK  [0m] Started LVM2 metadata daemon.
[[0;32m  OK  [0m] Started File System Check Daemon to report status.
         Starting Create Static Device Nodes in /dev...
[[0;32m  OK  [0m] Mounted Kernel Debug File System.
[[0;32m  OK  [0m] Mounted POSIX Message Queue File System.
[[0;32m  OK  [0m] Mounted Huge Pages File System.
[[0;32m  OK  [0m] Started File System Check on Root Device.
         Starting Remount Root and Kernel File Systems...
[[0;32m  OK  [0m] Started udev Coldplug all Devices.
[[0;32m  OK  [0m] Started Create Static Device Nodes in /dev.
[    9.355859] EXT4-fs (sda1): re-mounted. Opts: (null)
[[0;32m  OK  [0m] Started Remount Root and Kernel File Systems.
[[0;32m  OK  [0m] Started Monitoring of LVM2 mirrors,…sing dmeventd or progress polling.
[    9.379878] iscsi: registered transport (iser)
         Starting udev Kernel Device Manager...
         Starting Flush Journal to Persistent Storage...
         Starting Load/Save Random Seed...
[[0;32m  OK  [0m] Started Load Kernel Modules.
         Starting Apply Kernel Variables...
         Mounting Kernel Configuration File System...
         Mounting FUSE Control File System...
[[    9.448651] systemd-journald[404]: Received request to flush runtime journal from PID 1
[0;32m  OK  [0m] Mounted Kernel Configuration File System.
[[0;32m  OK  [0m] Mounted FUSE Control File System.
[[0;32m  OK  [0m] Started udev Kernel Device Manager.
[[0;32m  OK  [0m] Started Load/Save Random Seed.
[[0;32m  OK  [0m] Started Apply Kernel Variables.
[[0;32m  OK  [0m] Started Flush Journal to Persistent Storage.
[[0;32m  OK  [0m] Found device /dev/ttyS0.
[[0;32m  OK  [0m] Listening on Load/Save RF Kill Switch Status /dev/rfkill Watch.
[[0;32m  OK  [0m] Started Set the console keyboard layout.
[[0;32m  OK  [0m] Started Dispatch Password Requests to Console Directory Watch.
[[0;32m  OK  [0m] Reached target Local Encrypted Volumes.
[[0;32m  OK  [0m] Reached target Local File Systems (Pre).
[[0;32m  OK  [0m] Reached target Local File Systems.
         Starting AppArmor initialization...
         Starting Set console font and keymap...
         Starting Tell Plymouth To Write Out Runtime Data...
         Starting Create Volatile Files and Directories...
         Starting Commit a transient machine-id on disk...
         Starting ebtables ruleset management...
[[0;32m  OK  [0m] Started Tell Plymouth To Write Out Runtime Data.
[[0;32m  OK  [0m] Started Create Volatile Files and Directories.
         Starting Update UTMP about System Boot/Shutdown...
[[0;32m  OK  [0m] Started Update UTMP about System Boot/Shutdown.
[[0;32m  OK  [0m] Started ebtables ruleset management.
[[0;32m  OK  [0m] Started Commit a transient machine-id on disk.
[[0;32m  OK  [0m] Started AppArmor initialization.
         Starting Load AppArmor profiles managed internally by snapd...
         Starting Initial cloud-init job (pre-networking)...
[[0;32m  OK  [0m] Started Load AppArmor profiles managed internally by snapd.
[[0;32m  OK  [0m] Started Set console font and keymap.
[   15.477558] cloud-init[631]: Cloud-init v. 22.1-14-g2e17a0d6-0ubuntu1~18.04.3 running 'init-local' at Thu, 12 May 2022 13:50:16 +0000. Up 14.82 seconds.
[[0;32m  OK  [0m] Started Initial cloud-init job (pre-networking).
[[0;32m  OK  [0m] Reached target Network (Pre).
         Starting Network Service...
[[0;32m  OK  [0m] Started Network Service.
         Starting Wait for Network to be Configured...
         Starting Network Name Resolution...
[[0;32m  OK  [0m] Started Network Name Resolution.
[[0;32m  OK  [0m] Reached target Host and Network Name Lookups.
[[0;32m  OK  [0m] Reached target Network.
[[0;32m  OK  [0m] Started Wait for Network to be Configured.
         Starting Initial cloud-init job (metadata service crawler)...
[   18.766362] cloud-init[929]: Cloud-init v. 22.1-14-g2e17a0d6-0ubuntu1~18.04.3 running 'init' at Thu, 12 May 2022 13:50:19 +0000. Up 18.34 seconds.
[   18.770704] cloud-init[929]: ci-info: ++++++++++++++++++++++++++++++++++++++Net device info+++++++++++++++++++++++++++++++++++++++
[   18.784388] cloud-init[929]: ci-info: +--------+-------+----------------------------+---------------+--------+-------------------+
[   18.796566] cloud-init[929]: ci-info: | Device |   Up  |          Address           |      Mask     | Scope  |     Hw-Address    |
[   18.808515] cloud-init[929]: ci-info: +--------+-------+----------------------------+---------------+--------+-------------------+
[   18.813151] cloud-init[929]: ci-info: | enp0s3 |  True |         10.0.2.15          | 255.255.255.0 | global | 02:b4:dd:83:6a:51 |
[   18.817748] cloud-init[929]: ci-info: | enp0s3 |  True | fe80::b4:ddff:fe83:6a51/64 |       .       |  link  | 02:b4:dd:83:6a:51 |
[   18.821594] cloud-init[929]: ci-info: | enp0s8 | False |             .              |       .       |   .    | 08:00:27:9a:aa:a5 |
[   18.825922] cloud-init[929]: ci-info: |   lo   |  True |         127.0.0.1          |   255.0.0.0   |  host  |         .         |
[   18.827985] cloud-init[929]: ci-info: |   lo   |  True |          ::1/128           |       .       |  host  |         .         |
[   18.831590] cloud-init[929]: ci-info: +--------+-------+----------------------------+---------------+--------+-------------------+
[   18.833768] cloud-init[929]: ci-info: ++++++++++++++++++++++++++++Route IPv4 info+++++++++++++++++++++++++++++
[   18.835909] cloud-init[929]: ci-info: +-------+-------------+----------+-----------------+-----------+-------+
[   18.840449] cloud-init[929]: ci-info: | Route | Destination | Gateway  |     Genmask     | Interface | Flags |
[   18.843517] cloud-init[929]: ci-info: +-------+-------------+----------+-----------------+-----------+-------+
[   18.845165] cloud-init[929]: ci-info: |   0   |   0.0.0.0   | 10.0.2.2 |     0.0.0.0     |   enp0s3  |   UG  |
[   18.857554] cloud-init[929]: ci-info: |   1   |   10.0.2.0  | 0.0.0.0  |  255.255.255.0  |   enp0s3  |   U   |
[   18.860461] cloud-init[929]: ci-info: |   2   |   10.0.2.2  | 0.0.0.0  | 255.255.255.255 |   enp0s3  |   UH  |
[   18.862965] cloud-init[929]: ci-info: +-------+-------------+----------+-----------------+-----------+-------+
[   18.866896] cloud-init[929]: ci-info: +++++++++++++++++++Route IPv6 info+++++++++++++++++++
[   18.868512] cloud-init[929]: ci-info: +-------+-------------+---------+-----------+-------+
[   18.870011] cloud-init[929]: ci-info: | Route | Destination | Gateway | Interface | Flags |
[   18.871733] cloud-init[929]: ci-info: +-------+-------------+---------+-----------+-------+
[   18.873628] cloud-init[929]: ci-info: |   1   |  fe80::/64  |    ::   |   enp0s3  |   U   |
[   18.876714] cloud-init[929]: ci-info: |   3   |    local    |    ::   |   enp0s3  |   U   |
[   18.878401] cloud-init[929]: ci-info: |   4   |   ff00::/8  |    ::   |   enp0s3  |   U   |
[   18.882626] cloud-init[929]: ci-info: +-------+-------------+---------+-----------+-------+
[   19.913448] cloud-init[929]: Generating public/private rsa key pair.
[   19.914702] cloud-init[929]: Your identification has been saved in /etc/ssh/ssh_host_rsa_key.
[   19.920504] cloud-init[929]: Your public key has been saved in /etc/ssh/ssh_host_rsa_key.pub.
[   19.922470] cloud-init[929]: The key fingerprint is:
[   19.924134] cloud-init[929]: SHA256:Z4pyGOBkXxUG7d4Blqrn51JoMITaKTUwffL9IZsca5k root@ubuntu-bionic
[   19.927147] cloud-init[929]: The key's randomart image is:
[   19.928696] cloud-init[929]: +---[RSA 2048]----+
[   19.929888] cloud-init[929]: |oo .  .o+o       |
[   19.930828] cloud-init[929]: | .* o  o=        |
[   19.931964] cloud-init[929]: | ++B ..+ .       |
[   19.932962] cloud-init[929]: |o+oo+.= o .      |
[   19.934028] cloud-init[929]: | .. o= %Soo.     |
[   19.934866] cloud-init[929]: |    .oE.++.      |
[   19.935746] cloud-init[929]: |    o=o..        |
[   19.936799] cloud-init[929]: |     oo .        |
[   19.937728] cloud-init[929]: |       +.        |
[   19.938662] cloud-init[929]: +----[SHA256]-----+
[   19.939611] cloud-init[929]: Generating public/private dsa key pair.
[   19.940771] cloud-init[929]: Your identification has been saved in /etc/ssh/ssh_host_dsa_key.
[   19.942391] cloud-init[929]: Your public key has been saved in /etc/ssh/ssh_host_dsa_key.pub.
[   19.943805] cloud-init[929]: The key fingerprint is:
[   19.944710] cloud-init[929]: SHA256:u5dEZZ9opoN1nPZiZDJnVfXYMF1sijJ1jNXRoeEeLWs root@ubuntu-bionic
[   19.946243] cloud-init[929]: The key's randomart image is:
[   19.947191] cloud-init[929]: +---[DSA 1024]----+
[   19.955745] cloud-init[929]: |             =+BX|
[   19.958869] cloud-init[929]: |            * B=B|
[   19.961268] cloud-init[929]: |           = %.=o|
[   19.963033] cloud-init[929]: |          B / B  |
[   19.964839] cloud-init[929]: |        S+ / E   |
[   19.969473] cloud-init[929]: |        ..+ + .  |
[   19.972566] cloud-init[929]: |        .. + .   |
[   19.973798] cloud-init[929]: |         .o      |
[   19.977013] cloud-init[929]: |        ..       |
[   19.978673] cloud-init[929]: +----[SHA256]-----+
[   19.980675] cloud-init[929]: Generating public/private ecdsa key pair.
[   19.982480] cloud-init[929]: Your identification has been saved in /etc/ssh/ssh_host_ecdsa_key.
[   19.984821] cloud-init[929]: Your public key has been saved in /etc/ssh/ssh_host_ecdsa_key.pub.
[   19.987489] cloud-init[929]: The key fingerprint is:
[   19.988558] cloud-init[929]: SHA256:e1q39Pmlm1k4bEdsVwB+l/PgXp3Z2lMtokJtN2daYag root@ubuntu-bionic
[   19.992768] cloud-init[929]: The key's randomart image is:
[   19.994016] cloud-init[929]: +---[ECDSA 256]---+
[   19.995398] cloud-init[929]: |            ...  |
[   19.996771] cloud-init[929]: |           . . ..|
[   19.998610] cloud-init[929]: |            o =oo|
[   20.001253] cloud-init[929]: |         . . + =X|
[   20.002358] cloud-init[929]: |        S E + *o%|
[   20.004203] cloud-init[929]: |       . o o X Oo|
[   20.005830] cloud-init[929]: |        o + + B.=|
[   20.007387] cloud-init[929]: |         = o + Oo|
[   20.010256] cloud-init[929]: |        .   . Bo.|
[   20.011834] cloud-init[929]: +----[SHA256]-----+
[   20.014055] cloud-init[929]: Generating public/private ed25519 key pair.
[   20.017097] cloud-init[929]: Your identification has been saved in /etc/ssh/ssh_host_ed25519_key.
[   20.020879] cloud-init[929]: Your public key has been saved in /etc/ssh/ssh_host_ed25519_key.pub.
[   20.026421] cloud-init[929]: The key fingerprint is:
[   20.029221] cloud-init[929]: SHA256:2Zwq0klzKVXDMrjh4k72ggEPETAiQzGfYjhTJtsPiPo root@ubuntu-bionic
[   20.138837] cloud-init[929]: The key's randomart image is:
[   20.142057] cloud-init[929]: +--[ED25519 256]--+
[[0;32m  OK  [0m] Started Initial cloud-init job (metadata service crawler).
[   20.142363] cloud-init[929]: |@=+    . .o      |
[   20.144896] cloud-init[929]: |*Xo . o o...     |
[[0;32m  OK  [0m] Reached target System Initialization.
[   20.146505] cloud-init[929]: |B+oo . o.o       |
[   20.157315] cloud-init[929]: |=o.o. o. = .     |
[   20.157751] cloud-init[929]: |.+ ...+ S +      |
[[0;32m  OK  [0m] Listening on cloud-init hotplug hook socket.
[   20.158547] cloud-init[929]: | .o +o = .       |
[   20.160968] cloud-init[929]: |  E*..+ .        |
[   20.161927] cloud-init[929]: |  . o...         |
[   20.163015] cloud-init[929]: |     .           |
[[0;32m  OK  [0m] Listening on ACPID Listen Socket.
[   20.164031] cloud-init[929]: +----[SHA256]-----+
[[0;32m  OK  [0m] Started Daily apt download activities.
[[0;32m  OK  [0m] Listening on D-Bus System Message Bus Socket.
[[0;32m  OK  [0m] Started Daily apt upgrade and clean activities.
[[0;32m  OK  [0m] Started Trigger to poll for Ubuntu …(Only enabled on GCP LTS non-pro).
[[0;32m  OK  [0m] Started ACPI Events Check.
[[0;32m  OK  [0m] Reached target Paths.
[[0;32m  OK  [0m] Started Message of the Day.
[[0;32m  OK  [0m] Listening on Open-iSCSI iscsid Socket.
[[0;32m  OK  [0m] Listening on UUID daemon activation socket.
         Starting LXD - unix socket.
[[0;32m  OK  [0m] Started Discard unused blocks once a week.
         Starting Socket activation for snappy daemon.
[[0;32m  OK  [0m] Started Daily Cleanup of Temporary Directories.
[[0;32m  OK  [0m] Started Ubuntu Advantage Timer for running repeated jobs.
[[0;32m  OK  [0m] Reached target Timers.
[[0;32m  OK  [0m] Reached target Cloud-config availability.
[[0;32m  OK  [0m] Reached target Network is Online.
[[0;32m  OK  [0m] Reached target Remote File Systems (Pre).
[[0;32m  OK  [0m] Reached target Remote File Systems.
         Starting Availability of block devices...
[[0;32m  OK  [0m] Listening on LXD - unix socket.
[[0;32m  OK  [0m] Listening on Socket activation for snappy daemon.
[[0;32m  OK  [0m] Started Availability of block devices.
[[0;32m  OK  [0m] Reached target Sockets.
[[0;32m  OK  [0m] Reached target Basic System.
         Starting LXD - container startup/shutdown...
[[0;32m  OK  [0m] Started irqbalance daemon.
         Starting LSB: Record successful boot for GRUB...
         Starting LSB: automatic crash report generation...
         Starting System Logging Service...
[[0;32m  OK  [0m] Started Deferred execution scheduler.
         Starting Permit User Sessions...
[[0;32m  OK  [0m] Started FUSE filesystem for LXC.
         Starting Pollinate to seed the pseudo random number generator...
         Starting Dispatcher daemon for systemd-networkd...
         Starting Accounts Service...
[[0;32m  OK  [0m] Started Regular background program processing daemon.
[[0;32m  OK  [0m] Started D-Bus System Message Bus.
         Starting Virtualbox guest utils...
         Starting Login Service...
         Starting Snap Daemon...
[[0;32m  OK  [0m] Started System Logging Service.
[[0;32m  OK  [0m] Started LXD - container startup/shutdown.
[[0;32m  OK  [0m] Started Permit User Sessions.
         Starting Authorization Manager...
         Starting Hold until boot process finishes up...
         Starting Terminate Plymouth Boot Screen...
[[0;32m  OK  [0m] Started Hold until boot process finishes up.
[[0;32m  OK  [0m] Started Terminate Plymouth Boot Screen.
[[0;32m  OK  [0m] Started Login Service.
[[0;32m  OK  [0m] Started Unattended Upgrades Shutdown.
[[0;32m  OK  [0m] Started Serial Getty on ttyS0.
         Starting Set console scheme...
[[0;32m  OK  [0m] Started Set console scheme.
[[0;32m  OK  [0m] Started LSB: automatic crash report generation.
[[0;32m  OK  [0m] Created slice system-getty.slice.
[[0;32m  OK  [0m] Started Getty on tty1.
[[0;32m  OK  [0m] Reached target Login Prompts.
[[0;32m  OK  [0m] Started LSB: Record successful boot for GRUB.
[[0;32m  OK  [0m] Started Authorization Manager.
[[0;32m  OK  [0m] Started Accounts Service.
[[0;32m  OK  [0m] Started Virtualbox guest utils.
[[0;32m  OK  [0m] Started Dispatcher daemon for systemd-networkd.
[[0;32m  OK  [0m] Started Snap Daemon.
         Starting Wait until snapd is fully seeded...
         Starting Time & Date Service...
[[0;32m  OK  [0m] Started Time & Date Service.
[[0;32m  OK  [0m] Started Pollinate to seed the pseudo random number generator.
         Starting OpenBSD Secure Shell server...
[[0;32m  OK  [0m] Started OpenBSD Secure Shell server.
[[0;32m  OK  [0m] Created slice User Slice of vagrant.
         Starting User Manager for UID 1000...
[[0;32m  OK  [0m] Started Session 1 of user vagrant.
[[0;32m  OK  [0m] Started User Manager for UID 1000.
[[0;32m  OK  [0m] Started Wait until snapd is fully seeded.
         Starting Apply the settings specified in cloud-config...
[[0;32m  OK  [0m] Reached target Multi-User System.
[[0;32m  OK  [0m] Reached target Graphical Interface.
         Starting Update UTMP about System Runlevel Changes...
[[0;32m  OK  [0m] Started Update UTMP about System Runlevel Changes.
[   26.123356] cloud-init[1442]: Cloud-init v. 22.1-14-g2e17a0d6-0ubuntu1~18.04.3 running 'modules:config' at Thu, 12 May 2022 13:50:25 +0000. Up 24.47 seconds.

Ubuntu 18.04.6 LTS ubuntu-bionic ttyS0

ubuntu-bionic login: ci-info: no authorized SSH keys fingerprints found for user ubuntu.
<14>May 12 13:50:29 cloud-init: #############################################################
<14>May 12 13:50:29 cloud-init: -----BEGIN SSH HOST KEY FINGERPRINTS-----
<14>May 12 13:50:29 cloud-init: 1024 SHA256:u5dEZZ9opoN1nPZiZDJnVfXYMF1sijJ1jNXRoeEeLWs root@ubuntu-bionic (DSA)
<14>May 12 13:50:29 cloud-init: 256 SHA256:e1q39Pmlm1k4bEdsVwB+l/PgXp3Z2lMtokJtN2daYag root@ubuntu-bionic (ECDSA)
<14>May 12 13:50:29 cloud-init: 256 SHA256:2Zwq0klzKVXDMrjh4k72ggEPETAiQzGfYjhTJtsPiPo root@ubuntu-bionic (ED25519)
<14>May 12 13:50:29 cloud-init: 2048 SHA256:Z4pyGOBkXxUG7d4Blqrn51JoMITaKTUwffL9IZsca5k root@ubuntu-bionic (RSA)
<14>May 12 13:50:29 cloud-init: -----END SSH HOST KEY FINGERPRINTS-----
<14>May 12 13:50:29 cloud-init: #############################################################
-----BEGIN SSH HOST KEY KEYS-----
ecdsa-sha2-nistp256 AAAAE2VjZHNhLXNoYTItbmlzdHAyNTYAAAAIbmlzdHAyNTYAAABBBADnHXMP7edxE4W7YB8cx0+frEDVtCpWokzkS8MvNDY2hCoWixT+xZXthDPktedgyObZa8Bni6fOXjHHbkkRlTs= root@ubuntu-bionic
ssh-ed25519 AAAAC3NzaC1lZDI1NTE5AAAAIEeuwZ1vj6OD7jAVo2JhDLgES9mEIrKVzO1l3O9AkYOF root@ubuntu-bionic
ssh-rsa AAAAB3NzaC1yc2EAAAADAQABAAABAQCu8qBLvER2lo3zyOIFOBmSciQLUj82z1rDbAuiLTZk1nXbzeNM1rs3ucCPXY8X0JUyf4IeqZ3bZgOWmQKc64wPMRr2fqoOMlZTvFkufapggI6F0gZIMgRf3TWjUsq6OmvRZWN3cInNcFwmFXVLemTaFOKZWaeW5dOWhBRKO80IqlyBoUrs976I9E4bJqdOPscXBQoCZyV8uQ+65temNAMXTvBpg9rUddyDtZ3BGci2sFmXKb/Y5W9vHFRyyJZhVhdcjgUGyYqt1oohODLNbJ02mKBf6idnfKQt16EyXdTN3xYMG4SAB2ZHYXuy30PLpYPL5CE1E4rUdp8o4VjnqcKV root@ubuntu-bionic
-----END SSH HOST KEY KEYS-----
[   28.063082] cloud-init[1568]: Cloud-init v. 22.1-14-g2e17a0d6-0ubuntu1~18.04.3 running 'modules:final' at Thu, 12 May 2022 13:50:29 +0000. Up 27.56 seconds.
[   28.063316] cloud-init[1568]: Cloud-init v. 22.1-14-g2e17a0d6-0ubuntu1~18.04.3 finished at Thu, 12 May 2022 13:50:29 +0000. Datasource DataSourceNoCloud [seed=/dev/sdb][dsmode=net].  Up 28.04 seconds
